<?xml version="1.0" encoding="UTF-8"?>
<!-- Generated by org.testng.reporters.JUnitXMLReporter -->
<testsuite hostname="D-184003222" ignored="0" name="Default test" tests="5" failures="0" timestamp="03 Apr 2018 09:18:52 GMT" time="132.066" errors="0">
  <testcase name="openApp" time="10.116" classname="com.wipro.chcare.ccc.openCart001_Registration2_updated"/>
  <testcase name="registration" time="7.894" classname="com.wipro.chcare.ccc.openCart001_Registration2_updated"/>
  <testcase name="reviewProd" time="29.619" classname="com.wipro.chcare.ccc.openCart001_Registration2_updated"/>
  <testcase name="reviewProd" time="23.952" classname="com.wipro.chcare.ccc.openCart001_Registration2_updated"/>
  <testcase name="addToWishList" time="14.153" classname="com.wipro.chcare.ccc.openCart001_Registration2_updated"/>
</testsuite> <!-- Default test -->
