<?xml version="1.0" encoding="UTF-8"?>
<!-- Generated by org.testng.reporters.JUnitXMLReporter -->
<testsuite hostname="D-184003222" ignored="0" name="Test1" tests="5" failures="0" timestamp="19 Feb 2018 07:50:11 GMT" time="172.761" errors="0">
  <testcase name="openApp" time="1.774" classname="com.wipro.chcare.ccc.openCart001_Registration"/>
  <testcase name="registration" time="5.746" classname="com.wipro.chcare.ccc.openCart001_Registration"/>
  <testcase name="reviewProd" time="25.273" classname="com.wipro.chcare.ccc.openCart001_Registration"/>
  <testcase name="reviewProd" time="123.129" classname="com.wipro.chcare.ccc.openCart001_Registration"/>
  <testcase name="addToWishList" time="12.27" classname="com.wipro.chcare.ccc.openCart001_Registration"/>
</testsuite> <!-- Test1 -->
