<?xml version="1.0" encoding="UTF-8"?>
<testng-results skipped="0" failed="0" ignored="0" total="5" passed="5">
  <reporter-output>
  </reporter-output>
  <suite name="Default suite" duration-ms="132066" started-at="2018-04-03T09:16:39Z" finished-at="2018-04-03T09:18:51Z">
    <groups>
    </groups>
    <test name="Default test" duration-ms="132066" started-at="2018-04-03T09:16:39Z" finished-at="2018-04-03T09:18:51Z">
      <class name="com.wipro.chcare.ccc.openCart001_Registration2_updated">
        <test-method status="PASS" signature="initializeReport()[pri:0, instance:com.wipro.chcare.ccc.openCart001_Registration2_updated@dc24521]" name="initializeReport" is-config="true" duration-ms="268" started-at="2018-04-03T14:46:39Z" finished-at="2018-04-03T14:46:40Z">
          <reporter-output>
          </reporter-output>
        </test-method> <!-- initializeReport -->
        <test-method status="PASS" signature="intialize()[pri:0, instance:com.wipro.chcare.ccc.openCart001_Registration2_updated@dc24521]" name="intialize" is-config="true" duration-ms="29589" started-at="2018-04-03T14:46:40Z" finished-at="2018-04-03T14:47:09Z">
          <reporter-output>
          </reporter-output>
        </test-method> <!-- intialize -->
        <test-method status="PASS" signature="openApp()[pri:0, instance:com.wipro.chcare.ccc.openCart001_Registration2_updated@dc24521]" name="openApp" duration-ms="10116" started-at="2018-04-03T14:47:09Z" description="Launch openCart application" finished-at="2018-04-03T14:47:19Z">
          <reporter-output>
          </reporter-output>
        </test-method> <!-- openApp -->
        <test-method status="PASS" signature="getResult(org.testng.ITestResult)[pri:0, instance:com.wipro.chcare.ccc.openCart001_Registration2_updated@dc24521]" name="getResult" is-config="true" duration-ms="5" started-at="2018-04-03T14:47:19Z" finished-at="2018-04-03T14:47:19Z">
          <params>
            <param index="0">
              <value>
                <![CDATA[[TestResult name=openApp status=SUCCESS method=openCart001_Registration2_updated.openApp()[pri:0, instance:com.wipro.chcare.ccc.openCart001_Registration2_updated@dc24521] output={null}]]]>
              </value>
            </param>
          </params>
          <reporter-output>
          </reporter-output>
        </test-method> <!-- getResult -->
        <test-method status="PASS" signature="registration(java.lang.String, java.lang.String, java.lang.String, java.lang.String, java.lang.String, java.lang.String, java.lang.String, java.lang.String, java.lang.String, java.lang.String, java.lang.String, java.lang.String, java.lang.String, java.lang.String, java.lang.String)[pri:0, instance:com.wipro.chcare.ccc.openCart001_Registration2_updated@dc24521]" name="registration" duration-ms="7894" started-at="2018-04-03T14:47:34Z" data-provider="Mydatprovide" depends-on-methods="com.wipro.chcare.ccc.openCart001_Registration2_updated.openApp" finished-at="2018-04-03T14:47:41Z">
          <params>
            <param index="0">
              <value>
                <![CDATA[Dhana]]>
              </value>
            </param>
            <param index="1">
              <value>
                <![CDATA[Lakshmi]]>
              </value>
            </param>
            <param index="2">
              <value>
                <![CDATA[dhana1c3vb33w1@gmail.com]]>
              </value>
            </param>
            <param index="3">
              <value>
                <![CDATA[9000788667]]>
              </value>
            </param>
            <param index="4">
              <value>
                <![CDATA[5425]]>
              </value>
            </param>
            <param index="5">
              <value>
                <![CDATA[wipro]]>
              </value>
            </param>
            <param index="6">
              <value>
                <![CDATA[2345]]>
              </value>
            </param>
            <param index="7">
              <value>
                <![CDATA[blueraod]]>
              </value>
            </param>
            <param index="8">
              <value>
                <![CDATA[navystreet]]>
              </value>
            </param>
            <param index="9">
              <value>
                <![CDATA[hyderabad]]>
              </value>
            </param>
            <param index="10">
              <value>
                <![CDATA[500019]]>
              </value>
            </param>
            <param index="11">
              <value>
                <![CDATA[India]]>
              </value>
            </param>
            <param index="12">
              <value>
                <![CDATA[Goa]]>
              </value>
            </param>
            <param index="13">
              <value>
                <![CDATA[Dhana@24]]>
              </value>
            </param>
            <param index="14">
              <value>
                <![CDATA[Dhana@24]]>
              </value>
            </param>
          </params>
          <reporter-output>
          </reporter-output>
        </test-method> <!-- registration -->
        <test-method status="PASS" signature="getResult(org.testng.ITestResult)[pri:0, instance:com.wipro.chcare.ccc.openCart001_Registration2_updated@dc24521]" name="getResult" is-config="true" duration-ms="0" started-at="2018-04-03T14:47:41Z" finished-at="2018-04-03T14:47:41Z">
          <params>
            <param index="0">
              <value>
                <![CDATA[[TestResult name=registration status=SUCCESS method=openCart001_Registration2_updated.registration(java.lang.String, java.lang.String, java.lang.String, java.lang.String, java.lang.String, java.lang.String, java.lang.String, java.lang.String, java.lang.String, java.lang.String, java.lang.String, java.lang.String, java.lang.String, java.lang.String, java.lang.String)[pri:0, instance:com.wipro.chcare.ccc.openCart001_Registration2_updated@dc24521] output={null}]]]>
              </value>
            </param>
          </params>
          <reporter-output>
          </reporter-output>
        </test-method> <!-- getResult -->
        <test-method status="PASS" signature="reviewProd(java.lang.String, java.lang.String, java.lang.String)[pri:0, instance:com.wipro.chcare.ccc.openCart001_Registration2_updated@dc24521]" name="reviewProd" duration-ms="29619" started-at="2018-04-03T14:47:42Z" data-provider="Reviewproduct" depends-on-methods="com.wipro.chcare.ccc.openCart001_Registration2_updated.registration" finished-at="2018-04-03T14:48:11Z">
          <params>
            <param index="0">
              <value>
                <![CDATA[Amala]]>
              </value>
            </param>
            <param index="1">
              <value>
                <![CDATA[2]]>
              </value>
            </param>
            <param index="2">
              <value>
                <![CDATA[Good]]>
              </value>
            </param>
          </params>
          <reporter-output>
          </reporter-output>
        </test-method> <!-- reviewProd -->
        <test-method status="PASS" signature="reviewProd(java.lang.String, java.lang.String, java.lang.String)[pri:0, instance:com.wipro.chcare.ccc.openCart001_Registration2_updated@dc24521]" name="reviewProd" duration-ms="23952" started-at="2018-04-03T14:48:11Z" data-provider="Reviewproduct" depends-on-methods="com.wipro.chcare.ccc.openCart001_Registration2_updated.registration" finished-at="2018-04-03T14:48:35Z">
          <params>
            <param index="0">
              <value>
                <![CDATA[Kamal]]>
              </value>
            </param>
            <param index="1">
              <value>
                <![CDATA[3]]>
              </value>
            </param>
            <param index="2">
              <value>
                <![CDATA[kona vinay dhhdshhdhdhhdhsalsjghkdjsfghfdkhjk]]>
              </value>
            </param>
          </params>
          <reporter-output>
          </reporter-output>
        </test-method> <!-- reviewProd -->
        <test-method status="PASS" signature="getResult(org.testng.ITestResult)[pri:0, instance:com.wipro.chcare.ccc.openCart001_Registration2_updated@dc24521]" name="getResult" is-config="true" duration-ms="0" started-at="2018-04-03T14:48:11Z" finished-at="2018-04-03T14:48:11Z">
          <params>
            <param index="0">
              <value>
                <![CDATA[[TestResult name=reviewProd status=SUCCESS method=openCart001_Registration2_updated.reviewProd(java.lang.String, java.lang.String, java.lang.String)[pri:0, instance:com.wipro.chcare.ccc.openCart001_Registration2_updated@dc24521] output={null}]]]>
              </value>
            </param>
          </params>
          <reporter-output>
          </reporter-output>
        </test-method> <!-- getResult -->
        <test-method status="PASS" signature="getResult(org.testng.ITestResult)[pri:0, instance:com.wipro.chcare.ccc.openCart001_Registration2_updated@dc24521]" name="getResult" is-config="true" duration-ms="0" started-at="2018-04-03T14:48:35Z" finished-at="2018-04-03T14:48:35Z">
          <params>
            <param index="0">
              <value>
                <![CDATA[[TestResult name=reviewProd status=SUCCESS method=openCart001_Registration2_updated.reviewProd(java.lang.String, java.lang.String, java.lang.String)[pri:0, instance:com.wipro.chcare.ccc.openCart001_Registration2_updated@dc24521] output={null}]]]>
              </value>
            </param>
          </params>
          <reporter-output>
          </reporter-output>
        </test-method> <!-- getResult -->
        <test-method status="PASS" signature="addToWishList()[pri:0, instance:com.wipro.chcare.ccc.openCart001_Registration2_updated@dc24521]" name="addToWishList" duration-ms="14153" started-at="2018-04-03T14:48:35Z" description="add to Wish list" depends-on-methods="com.wipro.chcare.ccc.openCart001_Registration2_updated.reviewProd" finished-at="2018-04-03T14:48:49Z">
          <reporter-output>
          </reporter-output>
        </test-method> <!-- addToWishList -->
        <test-method status="PASS" signature="getResult(org.testng.ITestResult)[pri:0, instance:com.wipro.chcare.ccc.openCart001_Registration2_updated@dc24521]" name="getResult" is-config="true" duration-ms="0" started-at="2018-04-03T14:48:49Z" finished-at="2018-04-03T14:48:49Z">
          <params>
            <param index="0">
              <value>
                <![CDATA[[TestResult name=addToWishList status=SUCCESS method=openCart001_Registration2_updated.addToWishList()[pri:0, instance:com.wipro.chcare.ccc.openCart001_Registration2_updated@dc24521] output={null}]]]>
              </value>
            </param>
          </params>
          <reporter-output>
          </reporter-output>
        </test-method> <!-- getResult -->
        <test-method status="PASS" signature="endReport()[pri:0, instance:com.wipro.chcare.ccc.openCart001_Registration2_updated@dc24521]" name="endReport" is-config="true" duration-ms="2091" started-at="2018-04-03T14:48:49Z" finished-at="2018-04-03T14:48:51Z">
          <reporter-output>
          </reporter-output>
        </test-method> <!-- endReport -->
      </class> <!-- com.wipro.chcare.ccc.openCart001_Registration2_updated -->
    </test> <!-- Default test -->
  </suite> <!-- Default suite -->
</testng-results>
